1596705059.123452 client started (2428): version 3.1, socket /tmp/tmux-0/default, protocol 8
1596705059.123511 on Linux 5.6.6-300.fc32.aarch64 #1 SMP Tue Apr 21 13:25:53 UTC 2020; libevent 2.1.8-stable (poll)
1596705059.123544 socket is /tmp/tmux-0/default
1596705059.123563 trying connect
1596705059.123986 add peer 0xaaaaf1723a80: 8 ((nil))
1596705059.124039 sending message 100 to peer 0xaaaaf1723a80 (4 bytes)
1596705059.124050 sending message 101 to peer 0xaaaaf1723a80 (1 bytes)
1596705059.124057 sending message 102 to peer 0xaaaaf1723a80 (1 bytes)
1596705059.124064 sending message 108 to peer 0xaaaaf1723a80 (14 bytes)
1596705059.124072 sending message 104 to peer 0xaaaaf1723a80 (0 bytes)
1596705059.124079 sending message 107 to peer 0xaaaaf1723a80 (4 bytes)
1596705059.124087 sending message 105 to peer 0xaaaaf1723a80 (17 bytes)
1596705059.124093 sending message 105 to peer 0xaaaaf1723a80 (55 bytes)
1596705059.124100 sending message 105 to peer 0xaaaaf1723a80 (47 bytes)
1596705059.124112 sending message 105 to peer 0xaaaaf1723a80 (23 bytes)
1596705059.124119 sending message 106 to peer 0xaaaaf1723a80 (0 bytes)
1596705059.124129 cmd_pack_argv: argv[0]=attach
1596705059.124134 cmd_pack_argv: argv[1]=-t
1596705059.124139 cmd_pack_argv: argv[2]=test
1596705059.124145 sending message 200 to peer 0xaaaaf1723a80 (19 bytes)
1596705059.124151 client loop enter
1596705059.125547 peer 0xaaaaf1723a80 message 303
1596705059.125560 open write file 2 -
1596705059.125578 sending message 305 to peer 0xaaaaf1723a80 (8 bytes)
1596705059.125858 peer 0xaaaaf1723a80 message 304
1596705059.125866 write 37 to file 2
1596705059.125878 peer 0xaaaaf1723a80 message 203
1596705059.125885 file 2 37 bytes left
1596705059.125931 client loop exit
